<?xml version="1.0" encoding="UTF-8"?>
<testng-results ignored="0" total="1" passed="1" failed="0" skipped="0">
  <reporter-output>
  </reporter-output>
  <suite started-at="2023-08-12T20:50:20 IST" name="Default suite" finished-at="2023-08-12T20:50:20 IST" duration-ms="56">
    <groups>
    </groups>
    <test started-at="2023-08-12T20:50:20 IST" name="Default test" finished-at="2023-08-12T20:50:20 IST" duration-ms="56">
      <class name="sample.Practice.Sample">
        <test-method signature="sample()[pri:0, instance:sample.Practice.Sample@5a45133e]" started-at="2023-08-12T20:50:20 IST" name="sample" finished-at="2023-08-12T20:50:20 IST" duration-ms="12" status="PASS">
          <reporter-output>
          </reporter-output>
        </test-method> <!-- sample -->
      </class> <!-- sample.Practice.Sample -->
    </test> <!-- Default test -->
  </suite> <!-- Default suite -->
</testng-results>
